Performing C SOURCE FILE Test CMAKE_HAVE_LIBC_PTHREAD failed with the following output:
Change Dir: /home/annabakas/caesar-cipher-part-2-annabakas/CMakeFiles/CMakeTmp

Run Build Command(s):/usr/bin/make cmTC_d5065/fast && /usr/bin/make -f CMakeFiles/cmTC_d5065.dir/build.make CMakeFiles/cmTC_d5065.dir/build
make[1]: Entering directory '/home/annabakas/caesar-cipher-part-2-annabakas/CMakeFiles/CMakeTmp'
Building C object CMakeFiles/cmTC_d5065.dir/src.c.o
/usr/bin/cc   -DCMAKE_HAVE_LIBC_PTHREAD   -o CMakeFiles/cmTC_d5065.dir/src.c.o   -c /home/annabakas/caesar-cipher-part-2-annabakas/CMakeFiles/CMakeTmp/src.c
Linking C executable cmTC_d5065
/usr/bin/cmake -E cmake_link_script CMakeFiles/cmTC_d5065.dir/link.txt --verbose=1
/usr/bin/cc  -DCMAKE_HAVE_LIBC_PTHREAD    -rdynamic CMakeFiles/cmTC_d5065.dir/src.c.o  -o cmTC_d5065 
/usr/bin/ld: CMakeFiles/cmTC_d5065.dir/src.c.o: in function `main':
src.c:(.text+0x46): undefined reference to `pthread_create'
/usr/bin/ld: src.c:(.text+0x52): undefined reference to `pthread_detach'
/usr/bin/ld: src.c:(.text+0x63): undefined reference to `pthread_join'
collect2: error: ld returned 1 exit status
make[1]: *** [CMakeFiles/cmTC_d5065.dir/build.make:87: cmTC_d5065] Error 1
make[1]: Leaving directory '/home/annabakas/caesar-cipher-part-2-annabakas/CMakeFiles/CMakeTmp'
make: *** [Makefile:121: cmTC_d5065/fast] Error 2


Source file was:
#include <pthread.h>

void* test_func(void* data)
{
  return data;
}

int main(void)
{
  pthread_t thread;
  pthread_create(&thread, NULL, test_func, NULL);
  pthread_detach(thread);
  pthread_join(thread, NULL);
  pthread_atfork(NULL, NULL, NULL);
  pthread_exit(NULL);

  return 0;
}

Determining if the function pthread_create exists in the pthreads failed with the following output:
Change Dir: /home/annabakas/caesar-cipher-part-2-annabakas/CMakeFiles/CMakeTmp

Run Build Command(s):/usr/bin/make cmTC_44edd/fast && /usr/bin/make -f CMakeFiles/cmTC_44edd.dir/build.make CMakeFiles/cmTC_44edd.dir/build
make[1]: Entering directory '/home/annabakas/caesar-cipher-part-2-annabakas/CMakeFiles/CMakeTmp'
Building C object CMakeFiles/cmTC_44edd.dir/CheckFunctionExists.c.o
/usr/bin/cc   -DCHECK_FUNCTION_EXISTS=pthread_create   -o CMakeFiles/cmTC_44edd.dir/CheckFunctionExists.c.o   -c /usr/share/cmake-3.16/Modules/CheckFunctionExists.c
Linking C executable cmTC_44edd
/usr/bin/cmake -E cmake_link_script CMakeFiles/cmTC_44edd.dir/link.txt --verbose=1
/usr/bin/cc  -DCHECK_FUNCTION_EXISTS=pthread_create    -rdynamic CMakeFiles/cmTC_44edd.dir/CheckFunctionExists.c.o  -o cmTC_44edd  -lpthreads 
/usr/bin/ld: cannot find -lpthreads
collect2: error: ld returned 1 exit status
make[1]: *** [CMakeFiles/cmTC_44edd.dir/build.make:87: cmTC_44edd] Error 1
make[1]: Leaving directory '/home/annabakas/caesar-cipher-part-2-annabakas/CMakeFiles/CMakeTmp'
make: *** [Makefile:121: cmTC_44edd/fast] Error 2



Performing C SOURCE FILE Test CMAKE_HAVE_LIBC_PTHREAD failed with the following output:
Change Dir: /home/annabakas/caesar-cipher-part-2-annabakas/CMakeFiles/CMakeTmp

Run Build Command(s):/usr/bin/make cmTC_ca237/fast && /usr/bin/make -f CMakeFiles/cmTC_ca237.dir/build.make CMakeFiles/cmTC_ca237.dir/build
make[1]: Entering directory '/home/annabakas/caesar-cipher-part-2-annabakas/CMakeFiles/CMakeTmp'
Building C object CMakeFiles/cmTC_ca237.dir/src.c.o
/usr/bin/cc   -DCMAKE_HAVE_LIBC_PTHREAD   -o CMakeFiles/cmTC_ca237.dir/src.c.o   -c /home/annabakas/caesar-cipher-part-2-annabakas/CMakeFiles/CMakeTmp/src.c
Linking C executable cmTC_ca237
/usr/bin/cmake -E cmake_link_script CMakeFiles/cmTC_ca237.dir/link.txt --verbose=1
/usr/bin/cc  -DCMAKE_HAVE_LIBC_PTHREAD    -rdynamic CMakeFiles/cmTC_ca237.dir/src.c.o  -o cmTC_ca237 
/usr/bin/ld: CMakeFiles/cmTC_ca237.dir/src.c.o: in function `main':
src.c:(.text+0x46): undefined reference to `pthread_create'
/usr/bin/ld: src.c:(.text+0x52): undefined reference to `pthread_detach'
/usr/bin/ld: src.c:(.text+0x63): undefined reference to `pthread_join'
collect2: error: ld returned 1 exit status
make[1]: *** [CMakeFiles/cmTC_ca237.dir/build.make:87: cmTC_ca237] Error 1
make[1]: Leaving directory '/home/annabakas/caesar-cipher-part-2-annabakas/CMakeFiles/CMakeTmp'
make: *** [Makefile:121: cmTC_ca237/fast] Error 2


Source file was:
#include <pthread.h>

void* test_func(void* data)
{
  return data;
}

int main(void)
{
  pthread_t thread;
  pthread_create(&thread, NULL, test_func, NULL);
  pthread_detach(thread);
  pthread_join(thread, NULL);
  pthread_atfork(NULL, NULL, NULL);
  pthread_exit(NULL);

  return 0;
}

Determining if the function pthread_create exists in the pthreads failed with the following output:
Change Dir: /home/annabakas/caesar-cipher-part-2-annabakas/CMakeFiles/CMakeTmp

Run Build Command(s):/usr/bin/make cmTC_1cc1f/fast && /usr/bin/make -f CMakeFiles/cmTC_1cc1f.dir/build.make CMakeFiles/cmTC_1cc1f.dir/build
make[1]: Entering directory '/home/annabakas/caesar-cipher-part-2-annabakas/CMakeFiles/CMakeTmp'
Building C object CMakeFiles/cmTC_1cc1f.dir/CheckFunctionExists.c.o
/usr/bin/cc   -DCHECK_FUNCTION_EXISTS=pthread_create   -o CMakeFiles/cmTC_1cc1f.dir/CheckFunctionExists.c.o   -c /usr/share/cmake-3.16/Modules/CheckFunctionExists.c
Linking C executable cmTC_1cc1f
/usr/bin/cmake -E cmake_link_script CMakeFiles/cmTC_1cc1f.dir/link.txt --verbose=1
/usr/bin/cc  -DCHECK_FUNCTION_EXISTS=pthread_create    -rdynamic CMakeFiles/cmTC_1cc1f.dir/CheckFunctionExists.c.o  -o cmTC_1cc1f  -lpthreads 
/usr/bin/ld: cannot find -lpthreads
collect2: error: ld returned 1 exit status
make[1]: *** [CMakeFiles/cmTC_1cc1f.dir/build.make:87: cmTC_1cc1f] Error 1
make[1]: Leaving directory '/home/annabakas/caesar-cipher-part-2-annabakas/CMakeFiles/CMakeTmp'
make: *** [Makefile:121: cmTC_1cc1f/fast] Error 2



